<?xml version="1.0" encoding="UTF-8"?>
<!-- Generated by org.testng.reporters.JUnitXMLReporter -->
<testsuite ignored="0" hostname="DESKTOP-Q4C4NUA" failures="0" tests="1" name="Default test" time="7.898" errors="0" timestamp="2024-04-24T06:47:53 GMT-07:00">
  <testcase classname="testng_project.baeclasstwo" name="@BeforeTest browsersetUp" time="7.831">
    <failure type="java.lang.NullPointerException" message="Cannot invoke &amp;quot;org.openqa.selenium.WebDriver.getCurrentUrl()&amp;quot; because &amp;quot;utility.utilitymethods.driver&amp;quot; is null">
      <![CDATA[java.lang.NullPointerException: Cannot invoke "org.openqa.selenium.WebDriver.getCurrentUrl()" because "utility.utilitymethods.driver" is null
at utility.utilitymethods.getcurrenturl(utilitymethods.java:18)
at testng_project.baeclasstwo.browsersetUp(baeclasstwo.java:36)
at java.base/jdk.internal.reflect.DirectMethodHandleAccessor.invoke(DirectMethodHandleAccessor.java:104)
at java.base/java.lang.reflect.Method.invoke(Method.java:578)
at org.testng.internal.MethodInvocationHelper.invokeMethod(MethodInvocationHelper.java:133)
at org.testng.internal.MethodInvocationHelper.invokeMethodConsideringTimeout(MethodInvocationHelper.java:62)
at org.testng.internal.ConfigInvoker.invokeConfigurationMethod(ConfigInvoker.java:385)
at org.testng.internal.ConfigInvoker.invokeConfigurations(ConfigInvoker.java:321)
at org.testng.TestRunner.invokeTestConfigurations(TestRunner.java:637)
at org.testng.TestRunner.beforeRun(TestRunner.java:627)
at org.testng.TestRunner.run(TestRunner.java:589)
at org.testng.SuiteRunner.runTest(SuiteRunner.java:377)
at org.testng.SuiteRunner.runSequentially(SuiteRunner.java:371)
at org.testng.SuiteRunner.privateRun(SuiteRunner.java:332)
at org.testng.SuiteRunner.run(SuiteRunner.java:276)
at org.testng.SuiteRunnerWorker.runSuite(SuiteRunnerWorker.java:53)
at org.testng.SuiteRunnerWorker.run(SuiteRunnerWorker.java:96)
at org.testng.TestNG.runSuitesSequentially(TestNG.java:1212)
at org.testng.TestNG.runSuitesLocally(TestNG.java:1134)
at org.testng.TestNG.runSuites(TestNG.java:1063)
at org.testng.TestNG.run(TestNG.java:1031)
at org.testng.remote.AbstractRemoteTestNG.run(AbstractRemoteTestNG.java:115)
at org.testng.remote.RemoteTestNG.initAndRun(RemoteTestNG.java:251)
at org.testng.remote.RemoteTestNG.main(RemoteTestNG.java:77)
]]>
    </failure>
  </testcase> <!-- @BeforeTest browsersetUp -->
  <testcase classname="testng_project.baeclasstwo" name="@BeforeMethod userLogin" time="-1.713966473508E9">
    <skipped/>
  </testcase> <!-- @BeforeMethod userLogin -->
  <testcase classname="testng_project.baeclasstwo" name="@AfterMethod userLogOut" time="-1.713966473517E9">
    <skipped/>
  </testcase> <!-- @AfterMethod userLogOut -->
  <testcase classname="testng_project.baeclasstwo" name="@AfterTest allwindowclose" time="-1.713966473517E9">
    <skipped/>
  </testcase> <!-- @AfterTest allwindowclose -->
  <testcase classname="testng_project.tc_demo_test_clickonwhishlist" name="varifyThatUserIsAbleToClickOnwishlist" time="0.0">
    <skipped/>
  </testcase> <!-- varifyThatUserIsAbleToClickOnwishlist -->
</testsuite> <!-- Default test -->
